{
  "RSpec": {
    "coverage": {
      "/home/book-api-marvio/app/controllers/api/v1/book_controller.rb": {
        "lines": [
          1,
          null,
          1,
          null,
          1,
          1,
          1,
          null,
          null,
          1,
          1,
          1,
          1,
          null,
          0,
          null,
          null,
          null,
          1,
          null,
          1,
          1,
          null,
          0,
          null,
          null,
          null,
          null,
          1,
          1,
          null,
          null,
          1,
          1,
          1,
          null,
          0,
          null,
          null,
          null,
          1,
          null,
          1,
          3,
          null,
          null,
          1,
          2,
          null,
          null,
          null
        ]
      },
      "/home/book-api-marvio/app/controllers/application_controller.rb": {
        "lines": [
          1,
          null
        ]
      },
      "/home/book-api-marvio/app/models/book.rb": {
        "lines": [
          1,
          1,
          1,
          null
        ]
      },
      "/home/book-api-marvio/app/models/application_record.rb": {
        "lines": [
          1,
          1,
          null
        ]
      },
      "/home/book-api-marvio/app/models/author.rb": {
        "lines": [
          1,
          1,
          null
        ]
      },
      "/home/book-api-marvio/app/serializers/book_serializer.rb": {
        "lines": [
          1,
          null,
          1,
          null,
          1,
          null,
          null
        ]
      }
    },
    "timestamp": 1629038999
  }
}
